<?xml version="1.0" encoding="UTF-8"?>
<robot generator="Robot 3.1.1 (Python 3.6.5 on win32)" generated="20190917 15:06:59.514" rpa="false">
<suite id="s1" name="Couse List" source="F:\rf_test\rf_task\task3\couse_list.robot">
<test id="s1-t1" name="返回课程">
<kw name="Listcouse" library="course_mgr">
<assign>
<var>${courselist}</var>
</assign>
<msg timestamp="20190917 15:06:59.824" level="INFO">${courselist} = ['Python', 'Java', 'C']</msg>
<status status="PASS" starttime="20190917 15:06:59.812" endtime="20190917 15:06:59.824"></status>
</kw>
<kw name="${couse} IN [ @{courselist} ]" type="for">
<kw name="${couse} = Python" type="foritem">
<kw name="Log To Console" library="BuiltIn">
<doc>Logs the given message to the console.</doc>
<arguments>
<arg>${couse}</arg>
</arguments>
<status status="PASS" starttime="20190917 15:06:59.825" endtime="20190917 15:06:59.825"></status>
</kw>
<status status="PASS" starttime="20190917 15:06:59.825" endtime="20190917 15:06:59.825"></status>
</kw>
<kw name="${couse} = Java" type="foritem">
<kw name="Log To Console" library="BuiltIn">
<doc>Logs the given message to the console.</doc>
<arguments>
<arg>${couse}</arg>
</arguments>
<status status="PASS" starttime="20190917 15:06:59.826" endtime="20190917 15:06:59.826"></status>
</kw>
<status status="PASS" starttime="20190917 15:06:59.825" endtime="20190917 15:06:59.826"></status>
</kw>
<kw name="${couse} = C" type="foritem">
<kw name="Log To Console" library="BuiltIn">
<doc>Logs the given message to the console.</doc>
<arguments>
<arg>${couse}</arg>
</arguments>
<status status="PASS" starttime="20190917 15:06:59.826" endtime="20190917 15:06:59.826"></status>
</kw>
<status status="PASS" starttime="20190917 15:06:59.826" endtime="20190917 15:06:59.826"></status>
</kw>
<status status="PASS" starttime="20190917 15:06:59.825" endtime="20190917 15:06:59.826"></status>
</kw>
<kw name="Create List" library="BuiltIn">
<doc>Returns a list containing given items.</doc>
<arguments>
<arg>Python</arg>
<arg>Java</arg>
<arg>C</arg>
</arguments>
<assign>
<var>${expethed}</var>
</assign>
<msg timestamp="20190917 15:06:59.827" level="INFO">${expethed} = ['Python', 'Java', 'C']</msg>
<status status="PASS" starttime="20190917 15:06:59.827" endtime="20190917 15:06:59.827"></status>
</kw>
<kw name="Lists Should Be Equal" library="Collections">
<doc>Fails if given lists are unequal.</doc>
<arguments>
<arg>${courselist}</arg>
<arg>${expethed}</arg>
</arguments>
<status status="PASS" starttime="20190917 15:06:59.827" endtime="20190917 15:06:59.827"></status>
</kw>
<status status="PASS" starttime="20190917 15:06:59.811" endtime="20190917 15:06:59.828" critical="yes"></status>
</test>
<test id="s1-t2" name="华为商城">
<kw name="Open Browser" library="SeleniumLibrary">
<doc>Opens a new browser instance to the given ``url``.</doc>
<arguments>
<arg>https://www.vmall.com/index.html</arg>
<arg>chrome</arg>
</arguments>
<msg timestamp="20190917 15:06:59.830" level="INFO">Opening browser 'chrome' to base url 'https://www.vmall.com/index.html'.</msg>
<status status="PASS" starttime="20190917 15:06:59.830" endtime="20190917 15:07:08.286"></status>
</kw>
<kw name="Set Selenium Implicit Wait" library="SeleniumLibrary">
<doc>Sets the implicit wait value used by Selenium.</doc>
<arguments>
<arg>5</arg>
</arguments>
<status status="PASS" starttime="20190917 15:07:08.287" endtime="20190917 15:07:08.289"></status>
</kw>
<kw name="Get WebElements" library="SeleniumLibrary">
<doc>Returns list of WebElement objects matching the ``locator``.</doc>
<arguments>
<arg>css=.home-hot-goods .grid-items div</arg>
</arguments>
<assign>
<var>${hot_goods}</var>
</assign>
<msg timestamp="20190917 15:07:08.308" level="INFO">${hot_goods} = [&lt;selenium.webdriver.remote.webelement.WebElement (session="12644c199a5908c1512fb5face8fac6f", element="0.1715645965842849-1")&gt;, &lt;selenium.webdriver.remote.webelement.WebElement (session="12644c199a59...</msg>
<status status="PASS" starttime="20190917 15:07:08.290" endtime="20190917 15:07:08.308"></status>
</kw>
<kw name="${hot_good} IN [ @{hot_goods} ]" type="for">
<kw name="${hot_good} = &lt;selenium.webdriver.remote.webelement.WebElement (session=&quot;12644c199a5908c1512fb5face8fac6f&quot;, element=&quot;0.1715645965842849-1&quot;)&gt;" type="foritem">
<kw name="Log To Console" library="BuiltIn">
<doc>Logs the given message to the console.</doc>
<arguments>
<arg>${hot_good.text}</arg>
</arguments>
<status status="PASS" starttime="20190917 15:07:08.309" endtime="20190917 15:07:08.340"></status>
</kw>
<status status="PASS" starttime="20190917 15:07:08.308" endtime="20190917 15:07:08.340"></status>
</kw>
<kw name="${hot_good} = &lt;selenium.webdriver.remote.webelement.WebElement (session=&quot;12644c199a5908c1512fb5face8fac6f&quot;, element=&quot;0.1715645965842849-2&quot;)&gt;" type="foritem">
<kw name="Log To Console" library="BuiltIn">
<doc>Logs the given message to the console.</doc>
<arguments>
<arg>${hot_good.text}</arg>
</arguments>
<status status="PASS" starttime="20190917 15:07:08.341" endtime="20190917 15:07:08.354"></status>
</kw>
<status status="PASS" starttime="20190917 15:07:08.341" endtime="20190917 15:07:08.354"></status>
</kw>
<kw name="${hot_good} = &lt;selenium.webdriver.remote.webelement.WebElement (session=&quot;12644c199a5908c1512fb5face8fac6f&quot;, element=&quot;0.1715645965842849-3&quot;)&gt;" type="foritem">
<kw name="Log To Console" library="BuiltIn">
<doc>Logs the given message to the console.</doc>
<arguments>
<arg>${hot_good.text}</arg>
</arguments>
<status status="PASS" starttime="20190917 15:07:08.355" endtime="20190917 15:07:08.367"></status>
</kw>
<status status="PASS" starttime="20190917 15:07:08.355" endtime="20190917 15:07:08.368"></status>
</kw>
<kw name="${hot_good} = &lt;selenium.webdriver.remote.webelement.WebElement (session=&quot;12644c199a5908c1512fb5face8fac6f&quot;, element=&quot;0.1715645965842849-4&quot;)&gt;" type="foritem">
<kw name="Log To Console" library="BuiltIn">
<doc>Logs the given message to the console.</doc>
<arguments>
<arg>${hot_good.text}</arg>
</arguments>
<status status="PASS" starttime="20190917 15:07:08.368" endtime="20190917 15:07:08.382"></status>
</kw>
<status status="PASS" starttime="20190917 15:07:08.368" endtime="20190917 15:07:08.382"></status>
</kw>
<kw name="${hot_good} = &lt;selenium.webdriver.remote.webelement.WebElement (session=&quot;12644c199a5908c1512fb5face8fac6f&quot;, element=&quot;0.1715645965842849-5&quot;)&gt;" type="foritem">
<kw name="Log To Console" library="BuiltIn">
<doc>Logs the given message to the console.</doc>
<arguments>
<arg>${hot_good.text}</arg>
</arguments>
<status status="PASS" starttime="20190917 15:07:08.382" endtime="20190917 15:07:08.393"></status>
</kw>
<status status="PASS" starttime="20190917 15:07:08.382" endtime="20190917 15:07:08.394"></status>
</kw>
<kw name="${hot_good} = &lt;selenium.webdriver.remote.webelement.WebElement (session=&quot;12644c199a5908c1512fb5face8fac6f&quot;, element=&quot;0.1715645965842849-6&quot;)&gt;" type="foritem">
<kw name="Log To Console" library="BuiltIn">
<doc>Logs the given message to the console.</doc>
<arguments>
<arg>${hot_good.text}</arg>
</arguments>
<status status="PASS" starttime="20190917 15:07:08.394" endtime="20190917 15:07:08.405"></status>
</kw>
<status status="PASS" starttime="20190917 15:07:08.394" endtime="20190917 15:07:08.405"></status>
</kw>
<kw name="${hot_good} = &lt;selenium.webdriver.remote.webelement.WebElement (session=&quot;12644c199a5908c1512fb5face8fac6f&quot;, element=&quot;0.1715645965842849-7&quot;)&gt;" type="foritem">
<kw name="Log To Console" library="BuiltIn">
<doc>Logs the given message to the console.</doc>
<arguments>
<arg>${hot_good.text}</arg>
</arguments>
<status status="PASS" starttime="20190917 15:07:08.406" endtime="20190917 15:07:08.418"></status>
</kw>
<status status="PASS" starttime="20190917 15:07:08.405" endtime="20190917 15:07:08.418"></status>
</kw>
<kw name="${hot_good} = &lt;selenium.webdriver.remote.webelement.WebElement (session=&quot;12644c199a5908c1512fb5face8fac6f&quot;, element=&quot;0.1715645965842849-8&quot;)&gt;" type="foritem">
<kw name="Log To Console" library="BuiltIn">
<doc>Logs the given message to the console.</doc>
<arguments>
<arg>${hot_good.text}</arg>
</arguments>
<status status="PASS" starttime="20190917 15:07:08.418" endtime="20190917 15:07:08.430"></status>
</kw>
<status status="PASS" starttime="20190917 15:07:08.418" endtime="20190917 15:07:08.430"></status>
</kw>
<status status="PASS" starttime="20190917 15:07:08.308" endtime="20190917 15:07:08.430"></status>
</kw>
<kw name="Close Browser" library="SeleniumLibrary">
<doc>Closes the current browser.</doc>
<status status="PASS" starttime="20190917 15:07:08.430" endtime="20190917 15:07:10.698"></status>
</kw>
<status status="PASS" starttime="20190917 15:06:59.829" endtime="20190917 15:07:10.698" critical="yes"></status>
</test>
<status status="PASS" starttime="20190917 15:06:59.516" endtime="20190917 15:07:10.701"></status>
</suite>
<statistics>
<total>
<stat pass="2" fail="0">Critical Tests</stat>
<stat pass="2" fail="0">All Tests</stat>
</total>
<tag>
</tag>
<suite>
<stat pass="2" fail="0" id="s1" name="Couse List">Couse List</stat>
</suite>
</statistics>
<errors>
</errors>
</robot>
